<?xml version="1.0" encoding="UTF-8"?>
<testng-results ignored="0" total="2" passed="2" failed="0" skipped="0">
  <reporter-output>
  </reporter-output>
  <suite started-at="2022-05-17T02:39:49 EET" name="Default Suite" finished-at="2022-05-17T02:39:53 EET" duration-ms="4775">
    <groups>
    </groups>
    <test started-at="2022-05-17T02:39:49 EET" name="RESTAssuredProject" finished-at="2022-05-17T02:39:53 EET" duration-ms="4775">
      <class name="APITests">
        <test-method signature="getTest()[pri:1, instance:APITests@6a6cb05c]" started-at="2022-05-17T02:39:49 EET" name="getTest" finished-at="2022-05-17T02:39:53 EET" duration-ms="4249" status="PASS">
          <reporter-output>
          </reporter-output>
        </test-method> <!-- getTest -->
        <test-method signature="getTest2()[pri:2, instance:APITests@6a6cb05c]" started-at="2022-05-17T02:39:53 EET" name="getTest2" finished-at="2022-05-17T02:39:53 EET" duration-ms="455" status="PASS">
          <reporter-output>
          </reporter-output>
        </test-method> <!-- getTest2 -->
      </class> <!-- APITests -->
    </test> <!-- RESTAssuredProject -->
  </suite> <!-- Default Suite -->
</testng-results>
